<?xml version="1.0" encoding="UTF-8"?>
<testng-results skipped="0" failed="0" ignored="0" total="2" passed="2">
  <reporter-output>
  </reporter-output>
  <suite name="Suite" duration-ms="52" started-at="2019-04-15T10:56:45Z" finished-at="2019-04-15T10:56:45Z">
    <groups>
    </groups>
    <test name="Test" duration-ms="52" started-at="2019-04-15T10:56:45Z" finished-at="2019-04-15T10:56:45Z">
      <class name="qaclickacademy.ApiTest">
        <test-method status="PASS" signature="login()[pri:0, instance:qaclickacademy.ApiTest@687e4c93]" name="login" duration-ms="2" started-at="2019-04-15T10:56:45Z" finished-at="2019-04-15T10:56:45Z">
          <reporter-output>
          </reporter-output>
        </test-method> <!-- login -->
      </class> <!-- qaclickacademy.ApiTest -->
      <class name="qaclickacademy.ProgramTest">
        <test-method status="PASS" signature="test1()[pri:0, instance:qaclickacademy.ProgramTest@1debc91c]" name="test1" duration-ms="13" started-at="2019-04-15T10:56:45Z" finished-at="2019-04-15T10:56:45Z">
          <reporter-output>
          </reporter-output>
        </test-method> <!-- test1 -->
      </class> <!-- qaclickacademy.ProgramTest -->
    </test> <!-- Test -->
  </suite> <!-- Suite -->
</testng-results>
